<?xml version="1.0" encoding="UTF-8"?>
<testsuite xmlns:xsi="http://www.w3.org/2001/XMLSchema-instance" xsi:noNamespaceSchemaLocation="https://maven.apache.org/surefire/maven-surefire-plugin/xsd/surefire-test-report-3.0.xsd" version="3.0" name="com.example.Feng_Shui_Koi_Consulting_System.FengShuiKoiConsultingSystemApplicationTests" time="9.605" tests="1" errors="0" skipped="0" failures="0">
  <properties>
[...]
</properties>
  <testcase name="contextLoads" classname="com.example.Feng_Shui_Koi_Consulting_System.FengShuiKoiConsultingSystemApplicationTests" time="0.486">
    <system-out><![CDATA[11:02:52.807 [main] INFO org.springframework.test.context.support.AnnotationConfigContextLoaderUtils -- Could not detect default configuration classes for test class [com.example.Feng_Shui_Koi_Consulting_System.FengShuiKoiConsultingSystemApplicationTests]: FengShuiKoiConsultingSystemApplicationTests does not declare any static, non-private, non-final, nested classes annotated with @Configuration.
11:02:52.955 [main] INFO org.springframework.boot.test.context.SpringBootTestContextBootstrapper -- Found @SpringBootConfiguration com.example.Feng_Shui_Koi_Consulting_System.FengShuiKoiConsultingSystemApplication for test class com.example.Feng_Shui_Koi_Consulting_System.FengShuiKoiConsultingSystemApplicationTests

  .   ____          _            __ _ _
 /\\ / ___'_ __ _ _(_)_ __  __ _ \ \ \ \
( ( )\___ | '_ | '_| | '_ \/ _` | \ \ \ \
 \\/  ___)| |_)| | | | | || (_| |  ) ) ) )
  '  |____| .__|_| |_|_| |_\__, | / / / /
 =========|_|==============|___/=/_/_/_/

 :: Spring Boot ::                (v3.3.3)

2024-11-09T11:02:53.593+07:00  INFO 30928 --- [sendemail] [           main] gShuiKoiConsultingSystemApplicationTests : Starting FengShuiKoiConsultingSystemApplicationTests using Java 21.0.4 with PID 30928 (started by ADMIN in D:\SpringBoot\Feng-Shui-Koi-Consulting-System)
2024-11-09T11:02:53.594+07:00  INFO 30928 --- [sendemail] [           main] gShuiKoiConsultingSystemApplicationTests : No active profile set, falling back to 1 default profile: "default"
2024-11-09T11:02:54.997+07:00  INFO 30928 --- [sendemail] [           main] .s.d.r.c.RepositoryConfigurationDelegate : Bootstrapping Spring Data JPA repositories in DEFAULT mode.
2024-11-09T11:02:55.111+07:00  INFO 30928 --- [sendemail] [           main] .s.d.r.c.RepositoryConfigurationDelegate : Finished Spring Data repository scanning in 104 ms. Found 12 JPA repository interfaces.
2024-11-09T11:02:55.427+07:00  INFO 30928 --- [sendemail] [           main] o.s.cloud.context.scope.GenericScope     : BeanFactory id=16b84970-eaf7-3842-96d4-c718e4e90bf1
2024-11-09T11:02:55.982+07:00  INFO 30928 --- [sendemail] [           main] com.zaxxer.hikari.HikariDataSource       : HikariPool-1 - Starting...
2024-11-09T11:02:56.537+07:00  INFO 30928 --- [sendemail] [           main] com.zaxxer.hikari.pool.HikariPool        : HikariPool-1 - Added connection com.mysql.cj.jdbc.ConnectionImpl@4005e485
2024-11-09T11:02:56.539+07:00  INFO 30928 --- [sendemail] [           main] com.zaxxer.hikari.HikariDataSource       : HikariPool-1 - Start completed.
2024-11-09T11:02:56.604+07:00  INFO 30928 --- [sendemail] [           main] o.hibernate.jpa.internal.util.LogHelper  : HHH000204: Processing PersistenceUnitInfo [name: default]
2024-11-09T11:02:56.710+07:00  INFO 30928 --- [sendemail] [           main] org.hibernate.Version                    : HHH000412: Hibernate ORM core version 6.5.2.Final
2024-11-09T11:02:56.758+07:00  INFO 30928 --- [sendemail] [           main] o.h.c.internal.RegionFactoryInitiator    : HHH000026: Second-level cache disabled
2024-11-09T11:02:57.183+07:00  INFO 30928 --- [sendemail] [           main] o.s.o.j.p.SpringPersistenceUnitInfo      : No LoadTimeWeaver setup: ignoring JPA class transformer
2024-11-09T11:02:58.617+07:00  INFO 30928 --- [sendemail] [           main] o.h.e.t.j.p.i.JtaPlatformInitiator       : HHH000489: No JTA platform available (set 'hibernate.transaction.jta.platform' to enable JTA platform integration)
2024-11-09T11:02:58.617+07:00  INFO 30928 --- [sendemail] [           main] j.LocalContainerEntityManagerFactoryBean : Initialized JPA EntityManagerFactory for persistence unit 'default'
2024-11-09T11:02:59.082+07:00  INFO 30928 --- [sendemail] [           main] o.s.d.j.r.query.QueryEnhancerFactory     : Hibernate is in classpath; If applicable, HQL parser will be used.
2024-11-09T11:02:59.859+07:00  WARN 30928 --- [sendemail] [           main] JpaBaseConfiguration$JpaWebConfiguration : spring.jpa.open-in-view is enabled by default. Therefore, database queries may be performed during view rendering. Explicitly configure spring.jpa.open-in-view to disable this warning
2024-11-09T11:03:01.675+07:00  INFO 30928 --- [sendemail] [           main] gShuiKoiConsultingSystemApplicationTests : Started FengShuiKoiConsultingSystemApplicationTests in 8.513 seconds (process running for 9.797)
Hibernate: select a1_0.`AdID`,a1_0.`CategoryID`,a1_0.`CreatedDate`,a1_0.`Description`,a1_0.`ElementID`,a1_0.`Price`,a1_0.`Status`,a1_0.`Title`,a1_0.`UserID` from `Advertisement` a1_0 where a1_0.`Status`='Rejected' and a1_0.`CreatedDate`<=?
]]></system-out>
    <system-err><![CDATA[WARNING: A Java agent has been loaded dynamically (C:\Users\ADMIN\.m2\repository\net\bytebuddy\byte-buddy-agent\1.14.19\byte-buddy-agent-1.14.19.jar)
WARNING: If a serviceability tool is in use, please run with -XX:+EnableDynamicAgentLoading to hide this warning
WARNING: If a serviceability tool is not in use, please run with -Djdk.instrument.traceUsage for more information
WARNING: Dynamic loading of agents will be disallowed by default in a future release
]]></system-err>
  </testcase>
</testsuite>